{"C:\\Users\\DELL\\Desktop\\free-blog-project\\controllers\\articles-controller.js": {"path":"C:\\Users\\DELL\\Desktop\\free-blog-project\\controllers\\articles-controller.js","statementMap":{"0":{"start":{"line":1,"column":17},"end":{"line":1,"column":36}},"1":{"start":{"line":5,"column":2},"end":{"line":17,"column":4}},"2":{"start":{"line":6,"column":4},"end":{"line":16,"column":5}},"3":{"start":{"line":7,"column":23},"end":{"line":7,"column":44}},"4":{"start":{"line":8,"column":6},"end":{"line":12,"column":7}},"5":{"start":{"line":9,"column":8},"end":{"line":9,"column":39}},"6":{"start":{"line":11,"column":8},"end":{"line":11,"column":73}},"7":{"start":{"line":14,"column":6},"end":{"line":14,"column":62}},"8":{"start":{"line":15,"column":6},"end":{"line":15,"column":65}},"9":{"start":{"line":22,"column":2},"end":{"line":41,"column":4}},"10":{"start":{"line":24,"column":22},"end":{"line":24,"column":35}},"11":{"start":{"line":26,"column":4},"end":{"line":28,"column":5}},"12":{"start":{"line":27,"column":8},"end":{"line":27,"column":99}},"13":{"start":{"line":30,"column":4},"end":{"line":40,"column":5}},"14":{"start":{"line":31,"column":24},"end":{"line":31,"column":56}},"15":{"start":{"line":32,"column":8},"end":{"line":36,"column":9}},"16":{"start":{"line":33,"column":12},"end":{"line":33,"column":41}},"17":{"start":{"line":35,"column":12},"end":{"line":35,"column":64}},"18":{"start":{"line":38,"column":8},"end":{"line":38,"column":64}},"19":{"start":{"line":39,"column":8},"end":{"line":39,"column":67}},"20":{"start":{"line":46,"column":4},"end":{"line":67,"column":5}},"21":{"start":{"line":48,"column":48},"end":{"line":48,"column":56}},"22":{"start":{"line":50,"column":32},"end":{"line":53,"column":9}},"23":{"start":{"line":55,"column":8},"end":{"line":57,"column":9}},"24":{"start":{"line":56,"column":12},"end":{"line":56,"column":75}},"25":{"start":{"line":59,"column":8},"end":{"line":65,"column":9}},"26":{"start":{"line":60,"column":12},"end":{"line":60,"column":48}},"27":{"start":{"line":61,"column":12},"end":{"line":61,"column":79}},"28":{"start":{"line":63,"column":12},"end":{"line":63,"column":32}},"29":{"start":{"line":64,"column":12},"end":{"line":64,"column":69}},"30":{"start":{"line":72,"column":4},"end":{"line":105,"column":5}},"31":{"start":{"line":74,"column":26},"end":{"line":74,"column":39}},"32":{"start":{"line":76,"column":8},"end":{"line":78,"column":9}},"33":{"start":{"line":77,"column":12},"end":{"line":77,"column":96}},"34":{"start":{"line":80,"column":48},"end":{"line":80,"column":56}},"35":{"start":{"line":82,"column":32},"end":{"line":85,"column":9}},"36":{"start":{"line":87,"column":8},"end":{"line":89,"column":9}},"37":{"start":{"line":88,"column":12},"end":{"line":88,"column":75}},"38":{"start":{"line":91,"column":8},"end":{"line":104,"column":9}},"39":{"start":{"line":92,"column":28},"end":{"line":92,"column":60}},"40":{"start":{"line":93,"column":12},"end":{"line":95,"column":13}},"41":{"start":{"line":94,"column":16},"end":{"line":94,"column":70}},"42":{"start":{"line":96,"column":12},"end":{"line":99,"column":13}},"43":{"start":{"line":100,"column":12},"end":{"line":100,"column":75}},"44":{"start":{"line":102,"column":12},"end":{"line":102,"column":32}},"45":{"start":{"line":103,"column":12},"end":{"line":103,"column":69}},"46":{"start":{"line":110,"column":4},"end":{"line":129,"column":5}},"47":{"start":{"line":112,"column":26},"end":{"line":112,"column":39}},"48":{"start":{"line":114,"column":8},"end":{"line":116,"column":9}},"49":{"start":{"line":115,"column":12},"end":{"line":115,"column":101}},"50":{"start":{"line":118,"column":8},"end":{"line":128,"column":9}},"51":{"start":{"line":119,"column":28},"end":{"line":119,"column":60}},"52":{"start":{"line":120,"column":12},"end":{"line":122,"column":13}},"53":{"start":{"line":121,"column":16},"end":{"line":121,"column":68}},"54":{"start":{"line":123,"column":12},"end":{"line":123,"column":52}},"55":{"start":{"line":124,"column":12},"end":{"line":124,"column":75}},"56":{"start":{"line":126,"column":12},"end":{"line":126,"column":32}},"57":{"start":{"line":127,"column":12},"end":{"line":127,"column":66}},"58":{"start":{"line":132,"column":0},"end":{"line":132,"column":108}}},"fnMap":{"0":{"name":"getAllArticles","decl":{"start":{"line":3,"column":9},"end":{"line":3,"column":23}},"loc":{"start":{"line":3,"column":32},"end":{"line":18,"column":1}},"line":3},"1":{"name":"(anonymous_1)","decl":{"start":{"line":5,"column":9},"end":{"line":5,"column":10}},"loc":{"start":{"line":5,"column":35},"end":{"line":17,"column":3}},"line":5},"2":{"name":"getArticleById","decl":{"start":{"line":20,"column":9},"end":{"line":20,"column":23}},"loc":{"start":{"line":20,"column":32},"end":{"line":42,"column":1}},"line":20},"3":{"name":"(anonymous_3)","decl":{"start":{"line":22,"column":9},"end":{"line":22,"column":10}},"loc":{"start":{"line":22,"column":35},"end":{"line":41,"column":3}},"line":22},"4":{"name":"createNewArticle","decl":{"start":{"line":44,"column":9},"end":{"line":44,"column":25}},"loc":{"start":{"line":44,"column":34},"end":{"line":68,"column":1}},"line":44},"5":{"name":"(anonymous_5)","decl":{"start":{"line":46,"column":11},"end":{"line":46,"column":12}},"loc":{"start":{"line":46,"column":37},"end":{"line":67,"column":5}},"line":46},"6":{"name":"updateArticleById","decl":{"start":{"line":70,"column":9},"end":{"line":70,"column":26}},"loc":{"start":{"line":70,"column":35},"end":{"line":106,"column":1}},"line":70},"7":{"name":"(anonymous_7)","decl":{"start":{"line":72,"column":11},"end":{"line":72,"column":12}},"loc":{"start":{"line":72,"column":37},"end":{"line":105,"column":5}},"line":72},"8":{"name":"deleteArticleById","decl":{"start":{"line":108,"column":9},"end":{"line":108,"column":26}},"loc":{"start":{"line":108,"column":35},"end":{"line":130,"column":1}},"line":108},"9":{"name":"(anonymous_9)","decl":{"start":{"line":110,"column":11},"end":{"line":110,"column":12}},"loc":{"start":{"line":110,"column":37},"end":{"line":129,"column":5}},"line":110}},"branchMap":{"0":{"loc":{"start":{"line":8,"column":6},"end":{"line":12,"column":7}},"type":"if","locations":[{"start":{"line":8,"column":6},"end":{"line":12,"column":7}},{"start":{"line":10,"column":13},"end":{"line":12,"column":7}}],"line":8},"1":{"loc":{"start":{"line":26,"column":4},"end":{"line":28,"column":5}},"type":"if","locations":[{"start":{"line":26,"column":4},"end":{"line":28,"column":5}},{"start":{},"end":{}}],"line":26},"2":{"loc":{"start":{"line":26,"column":8},"end":{"line":26,"column":65}},"type":"binary-expr","locations":[{"start":{"line":26,"column":8},"end":{"line":26,"column":18}},{"start":{"line":26,"column":22},"end":{"line":26,"column":65}}],"line":26},"3":{"loc":{"start":{"line":32,"column":8},"end":{"line":36,"column":9}},"type":"if","locations":[{"start":{"line":32,"column":8},"end":{"line":36,"column":9}},{"start":{"line":34,"column":15},"end":{"line":36,"column":9}}],"line":32},"4":{"loc":{"start":{"line":55,"column":8},"end":{"line":57,"column":9}},"type":"if","locations":[{"start":{"line":55,"column":8},"end":{"line":57,"column":9}},{"start":{},"end":{}}],"line":55},"5":{"loc":{"start":{"line":55,"column":12},"end":{"line":55,"column":62}},"type":"binary-expr","locations":[{"start":{"line":55,"column":12},"end":{"line":55,"column":34}},{"start":{"line":55,"column":38},"end":{"line":55,"column":62}}],"line":55},"6":{"loc":{"start":{"line":76,"column":8},"end":{"line":78,"column":9}},"type":"if","locations":[{"start":{"line":76,"column":8},"end":{"line":78,"column":9}},{"start":{},"end":{}}],"line":76},"7":{"loc":{"start":{"line":76,"column":12},"end":{"line":76,"column":69}},"type":"binary-expr","locations":[{"start":{"line":76,"column":12},"end":{"line":76,"column":22}},{"start":{"line":76,"column":26},"end":{"line":76,"column":69}}],"line":76},"8":{"loc":{"start":{"line":87,"column":8},"end":{"line":89,"column":9}},"type":"if","locations":[{"start":{"line":87,"column":8},"end":{"line":89,"column":9}},{"start":{},"end":{}}],"line":87},"9":{"loc":{"start":{"line":87,"column":12},"end":{"line":87,"column":62}},"type":"binary-expr","locations":[{"start":{"line":87,"column":12},"end":{"line":87,"column":34}},{"start":{"line":87,"column":38},"end":{"line":87,"column":62}}],"line":87},"10":{"loc":{"start":{"line":93,"column":12},"end":{"line":95,"column":13}},"type":"if","locations":[{"start":{"line":93,"column":12},"end":{"line":95,"column":13}},{"start":{},"end":{}}],"line":93},"11":{"loc":{"start":{"line":114,"column":8},"end":{"line":116,"column":9}},"type":"if","locations":[{"start":{"line":114,"column":8},"end":{"line":116,"column":9}},{"start":{},"end":{}}],"line":114},"12":{"loc":{"start":{"line":114,"column":12},"end":{"line":114,"column":69}},"type":"binary-expr","locations":[{"start":{"line":114,"column":12},"end":{"line":114,"column":22}},{"start":{"line":114,"column":26},"end":{"line":114,"column":69}}],"line":114},"13":{"loc":{"start":{"line":120,"column":12},"end":{"line":122,"column":13}},"type":"if","locations":[{"start":{"line":120,"column":12},"end":{"line":122,"column":13}},{"start":{},"end":{}}],"line":120}},"s":{"0":1,"1":1,"2":0,"3":0,"4":0,"5":0,"6":0,"7":0,"8":0,"9":1,"10":0,"11":0,"12":0,"13":0,"14":0,"15":0,"16":0,"17":0,"18":0,"19":0,"20":1,"21":0,"22":0,"23":0,"24":0,"25":0,"26":0,"27":0,"28":0,"29":0,"30":1,"31":0,"32":0,"33":0,"34":0,"35":0,"36":0,"37":0,"38":0,"39":0,"40":0,"41":0,"42":0,"43":0,"44":0,"45":0,"46":1,"47":0,"48":0,"49":0,"50":0,"51":0,"52":0,"53":0,"54":0,"55":0,"56":0,"57":0,"58":1},"f":{"0":1,"1":0,"2":1,"3":0,"4":1,"5":0,"6":1,"7":0,"8":1,"9":0},"b":{"0":[0,0],"1":[0,0],"2":[0,0],"3":[0,0],"4":[0,0],"5":[0,0],"6":[0,0],"7":[0,0],"8":[0,0],"9":[0,0],"10":[0,0],"11":[0,0],"12":[0,0],"13":[0,0]},"_coverageSchema":"1a1c01bbd47fc00a2c39e90264f33305004495a9","hash":"92bedc7407ed12f771037aa92af893391b5d57e5"}
,"C:\\Users\\DELL\\Desktop\\free-blog-project\\controllers\\digital-controller.js": {"path":"C:\\Users\\DELL\\Desktop\\free-blog-project\\controllers\\digital-controller.js","statementMap":{"0":{"start":{"line":1,"column":20},"end":{"line":1,"column":46}},"1":{"start":{"line":2,"column":17},"end":{"line":2,"column":36}},"2":{"start":{"line":6,"column":2},"end":{"line":16,"column":3}},"3":{"start":{"line":7,"column":21},"end":{"line":7,"column":43}},"4":{"start":{"line":8,"column":4},"end":{"line":12,"column":5}},"5":{"start":{"line":9,"column":6},"end":{"line":9,"column":37}},"6":{"start":{"line":11,"column":6},"end":{"line":11,"column":71}},"7":{"start":{"line":14,"column":4},"end":{"line":14,"column":60}},"8":{"start":{"line":15,"column":4},"end":{"line":15,"column":63}},"9":{"start":{"line":21,"column":22},"end":{"line":21,"column":35}},"10":{"start":{"line":23,"column":4},"end":{"line":25,"column":5}},"11":{"start":{"line":24,"column":6},"end":{"line":24,"column":98}},"12":{"start":{"line":27,"column":4},"end":{"line":37,"column":5}},"13":{"start":{"line":28,"column":22},"end":{"line":28,"column":55}},"14":{"start":{"line":29,"column":6},"end":{"line":33,"column":7}},"15":{"start":{"line":30,"column":8},"end":{"line":30,"column":38}},"16":{"start":{"line":32,"column":8},"end":{"line":32,"column":63}},"17":{"start":{"line":35,"column":6},"end":{"line":35,"column":61}},"18":{"start":{"line":36,"column":6},"end":{"line":36,"column":65}},"19":{"start":{"line":42,"column":78},"end":{"line":42,"column":86}},"20":{"start":{"line":44,"column":30},"end":{"line":52,"column":7}},"21":{"start":{"line":54,"column":6},"end":{"line":56,"column":7}},"22":{"start":{"line":55,"column":10},"end":{"line":55,"column":73}},"23":{"start":{"line":58,"column":6},"end":{"line":64,"column":7}},"24":{"start":{"line":59,"column":10},"end":{"line":59,"column":47}},"25":{"start":{"line":60,"column":10},"end":{"line":60,"column":75}},"26":{"start":{"line":62,"column":10},"end":{"line":62,"column":30}},"27":{"start":{"line":63,"column":10},"end":{"line":63,"column":67}},"28":{"start":{"line":69,"column":24},"end":{"line":69,"column":37}},"29":{"start":{"line":71,"column":6},"end":{"line":73,"column":7}},"30":{"start":{"line":72,"column":8},"end":{"line":72,"column":100}},"31":{"start":{"line":75,"column":78},"end":{"line":75,"column":86}},"32":{"start":{"line":77,"column":30},"end":{"line":85,"column":7}},"33":{"start":{"line":87,"column":6},"end":{"line":89,"column":7}},"34":{"start":{"line":88,"column":10},"end":{"line":88,"column":73}},"35":{"start":{"line":91,"column":6},"end":{"line":104,"column":7}},"36":{"start":{"line":92,"column":26},"end":{"line":92,"column":59}},"37":{"start":{"line":93,"column":10},"end":{"line":95,"column":11}},"38":{"start":{"line":94,"column":14},"end":{"line":94,"column":69}},"39":{"start":{"line":96,"column":10},"end":{"line":99,"column":11}},"40":{"start":{"line":100,"column":10},"end":{"line":100,"column":73}},"41":{"start":{"line":102,"column":10},"end":{"line":102,"column":30}},"42":{"start":{"line":103,"column":10},"end":{"line":103,"column":67}},"43":{"start":{"line":109,"column":24},"end":{"line":109,"column":37}},"44":{"start":{"line":111,"column":6},"end":{"line":113,"column":7}},"45":{"start":{"line":112,"column":10},"end":{"line":112,"column":99}},"46":{"start":{"line":115,"column":6},"end":{"line":125,"column":7}},"47":{"start":{"line":116,"column":26},"end":{"line":116,"column":59}},"48":{"start":{"line":117,"column":10},"end":{"line":119,"column":11}},"49":{"start":{"line":118,"column":14},"end":{"line":118,"column":69}},"50":{"start":{"line":120,"column":10},"end":{"line":120,"column":51}},"51":{"start":{"line":121,"column":10},"end":{"line":121,"column":73}},"52":{"start":{"line":123,"column":10},"end":{"line":123,"column":30}},"53":{"start":{"line":124,"column":10},"end":{"line":124,"column":67}},"54":{"start":{"line":128,"column":0},"end":{"line":128,"column":142}}},"fnMap":{"0":{"name":"getAllDigitalProducts","decl":{"start":{"line":4,"column":15},"end":{"line":4,"column":36}},"loc":{"start":{"line":4,"column":47},"end":{"line":17,"column":1}},"line":4},"1":{"name":"getDigitalProductById","decl":{"start":{"line":19,"column":15},"end":{"line":19,"column":36}},"loc":{"start":{"line":19,"column":47},"end":{"line":38,"column":3}},"line":19},"2":{"name":"createNewDigitalroduct","decl":{"start":{"line":40,"column":15},"end":{"line":40,"column":37}},"loc":{"start":{"line":40,"column":48},"end":{"line":65,"column":3}},"line":40},"3":{"name":"updateDigitalProductById","decl":{"start":{"line":67,"column":15},"end":{"line":67,"column":39}},"loc":{"start":{"line":67,"column":50},"end":{"line":105,"column":3}},"line":67},"4":{"name":"deleteDigitalProductById","decl":{"start":{"line":107,"column":17},"end":{"line":107,"column":41}},"loc":{"start":{"line":107,"column":53},"end":{"line":126,"column":3}},"line":107}},"branchMap":{"0":{"loc":{"start":{"line":8,"column":4},"end":{"line":12,"column":5}},"type":"if","locations":[{"start":{"line":8,"column":4},"end":{"line":12,"column":5}},{"start":{"line":10,"column":11},"end":{"line":12,"column":5}}],"line":8},"1":{"loc":{"start":{"line":23,"column":4},"end":{"line":25,"column":5}},"type":"if","locations":[{"start":{"line":23,"column":4},"end":{"line":25,"column":5}},{"start":{},"end":{}}],"line":23},"2":{"loc":{"start":{"line":23,"column":9},"end":{"line":23,"column":66}},"type":"binary-expr","locations":[{"start":{"line":23,"column":9},"end":{"line":23,"column":19}},{"start":{"line":23,"column":23},"end":{"line":23,"column":66}}],"line":23},"3":{"loc":{"start":{"line":29,"column":6},"end":{"line":33,"column":7}},"type":"if","locations":[{"start":{"line":29,"column":6},"end":{"line":33,"column":7}},{"start":{"line":31,"column":13},"end":{"line":33,"column":7}}],"line":29},"4":{"loc":{"start":{"line":54,"column":6},"end":{"line":56,"column":7}},"type":"if","locations":[{"start":{"line":54,"column":6},"end":{"line":56,"column":7}},{"start":{},"end":{}}],"line":54},"5":{"loc":{"start":{"line":54,"column":10},"end":{"line":54,"column":213}},"type":"binary-expr","locations":[{"start":{"line":54,"column":10},"end":{"line":54,"column":31}},{"start":{"line":54,"column":35},"end":{"line":54,"column":59}},{"start":{"line":54,"column":63},"end":{"line":54,"column":87}},{"start":{"line":54,"column":91},"end":{"line":54,"column":119}},{"start":{"line":54,"column":123},"end":{"line":54,"column":145}},{"start":{"line":54,"column":149},"end":{"line":54,"column":170}},{"start":{"line":54,"column":174},"end":{"line":54,"column":213}}],"line":54},"6":{"loc":{"start":{"line":71,"column":6},"end":{"line":73,"column":7}},"type":"if","locations":[{"start":{"line":71,"column":6},"end":{"line":73,"column":7}},{"start":{},"end":{}}],"line":71},"7":{"loc":{"start":{"line":71,"column":11},"end":{"line":71,"column":68}},"type":"binary-expr","locations":[{"start":{"line":71,"column":11},"end":{"line":71,"column":21}},{"start":{"line":71,"column":25},"end":{"line":71,"column":68}}],"line":71},"8":{"loc":{"start":{"line":87,"column":6},"end":{"line":89,"column":7}},"type":"if","locations":[{"start":{"line":87,"column":6},"end":{"line":89,"column":7}},{"start":{},"end":{}}],"line":87},"9":{"loc":{"start":{"line":87,"column":10},"end":{"line":87,"column":213}},"type":"binary-expr","locations":[{"start":{"line":87,"column":10},"end":{"line":87,"column":31}},{"start":{"line":87,"column":35},"end":{"line":87,"column":59}},{"start":{"line":87,"column":63},"end":{"line":87,"column":87}},{"start":{"line":87,"column":91},"end":{"line":87,"column":119}},{"start":{"line":87,"column":123},"end":{"line":87,"column":145}},{"start":{"line":87,"column":149},"end":{"line":87,"column":170}},{"start":{"line":87,"column":174},"end":{"line":87,"column":213}}],"line":87},"10":{"loc":{"start":{"line":93,"column":10},"end":{"line":95,"column":11}},"type":"if","locations":[{"start":{"line":93,"column":10},"end":{"line":95,"column":11}},{"start":{},"end":{}}],"line":93},"11":{"loc":{"start":{"line":111,"column":6},"end":{"line":113,"column":7}},"type":"if","locations":[{"start":{"line":111,"column":6},"end":{"line":113,"column":7}},{"start":{},"end":{}}],"line":111},"12":{"loc":{"start":{"line":111,"column":10},"end":{"line":111,"column":67}},"type":"binary-expr","locations":[{"start":{"line":111,"column":10},"end":{"line":111,"column":20}},{"start":{"line":111,"column":24},"end":{"line":111,"column":67}}],"line":111},"13":{"loc":{"start":{"line":117,"column":10},"end":{"line":119,"column":11}},"type":"if","locations":[{"start":{"line":117,"column":10},"end":{"line":119,"column":11}},{"start":{},"end":{}}],"line":117}},"s":{"0":1,"1":1,"2":0,"3":0,"4":0,"5":0,"6":0,"7":0,"8":0,"9":0,"10":0,"11":0,"12":0,"13":0,"14":0,"15":0,"16":0,"17":0,"18":0,"19":0,"20":0,"21":0,"22":0,"23":0,"24":0,"25":0,"26":0,"27":0,"28":0,"29":0,"30":0,"31":0,"32":0,"33":0,"34":0,"35":0,"36":0,"37":0,"38":0,"39":0,"40":0,"41":0,"42":0,"43":0,"44":0,"45":0,"46":0,"47":0,"48":0,"49":0,"50":0,"51":0,"52":0,"53":0,"54":1},"f":{"0":0,"1":0,"2":0,"3":0,"4":0},"b":{"0":[0,0],"1":[0,0],"2":[0,0],"3":[0,0],"4":[0,0],"5":[0,0,0,0,0,0,0],"6":[0,0],"7":[0,0],"8":[0,0],"9":[0,0,0,0,0,0,0],"10":[0,0],"11":[0,0],"12":[0,0],"13":[0,0]},"_coverageSchema":"1a1c01bbd47fc00a2c39e90264f33305004495a9","hash":"80afd3b8d62c1ea8a742da96312584c6d86acc0a"}
,"C:\\Users\\DELL\\Desktop\\free-blog-project\\controllers\\hardware-controller.js": {"path":"C:\\Users\\DELL\\Desktop\\free-blog-project\\controllers\\hardware-controller.js","statementMap":{"0":{"start":{"line":1,"column":21},"end":{"line":1,"column":47}},"1":{"start":{"line":2,"column":17},"end":{"line":2,"column":36}},"2":{"start":{"line":6,"column":2},"end":{"line":16,"column":3}},"3":{"start":{"line":7,"column":21},"end":{"line":7,"column":44}},"4":{"start":{"line":8,"column":4},"end":{"line":12,"column":5}},"5":{"start":{"line":9,"column":6},"end":{"line":9,"column":37}},"6":{"start":{"line":11,"column":6},"end":{"line":11,"column":71}},"7":{"start":{"line":14,"column":4},"end":{"line":14,"column":60}},"8":{"start":{"line":15,"column":4},"end":{"line":15,"column":63}},"9":{"start":{"line":21,"column":20},"end":{"line":21,"column":33}},"10":{"start":{"line":23,"column":2},"end":{"line":25,"column":3}},"11":{"start":{"line":24,"column":4},"end":{"line":24,"column":96}},"12":{"start":{"line":27,"column":2},"end":{"line":37,"column":3}},"13":{"start":{"line":28,"column":20},"end":{"line":28,"column":54}},"14":{"start":{"line":29,"column":4},"end":{"line":33,"column":5}},"15":{"start":{"line":30,"column":6},"end":{"line":30,"column":36}},"16":{"start":{"line":32,"column":6},"end":{"line":32,"column":61}},"17":{"start":{"line":35,"column":4},"end":{"line":35,"column":59}},"18":{"start":{"line":36,"column":4},"end":{"line":36,"column":63}},"19":{"start":{"line":42,"column":65},"end":{"line":42,"column":73}},"20":{"start":{"line":44,"column":28},"end":{"line":51,"column":5}},"21":{"start":{"line":53,"column":4},"end":{"line":55,"column":5}},"22":{"start":{"line":54,"column":8},"end":{"line":54,"column":71}},"23":{"start":{"line":57,"column":4},"end":{"line":63,"column":5}},"24":{"start":{"line":58,"column":8},"end":{"line":58,"column":46}},"25":{"start":{"line":59,"column":8},"end":{"line":59,"column":73}},"26":{"start":{"line":61,"column":8},"end":{"line":61,"column":28}},"27":{"start":{"line":62,"column":8},"end":{"line":62,"column":65}},"28":{"start":{"line":68,"column":24},"end":{"line":68,"column":37}},"29":{"start":{"line":70,"column":6},"end":{"line":72,"column":7}},"30":{"start":{"line":71,"column":8},"end":{"line":71,"column":100}},"31":{"start":{"line":74,"column":67},"end":{"line":74,"column":75}},"32":{"start":{"line":76,"column":30},"end":{"line":83,"column":5}},"33":{"start":{"line":85,"column":4},"end":{"line":87,"column":5}},"34":{"start":{"line":86,"column":8},"end":{"line":86,"column":71}},"35":{"start":{"line":89,"column":6},"end":{"line":102,"column":7}},"36":{"start":{"line":90,"column":26},"end":{"line":90,"column":60}},"37":{"start":{"line":91,"column":10},"end":{"line":93,"column":11}},"38":{"start":{"line":92,"column":14},"end":{"line":92,"column":69}},"39":{"start":{"line":94,"column":10},"end":{"line":97,"column":11}},"40":{"start":{"line":98,"column":10},"end":{"line":98,"column":73}},"41":{"start":{"line":100,"column":10},"end":{"line":100,"column":30}},"42":{"start":{"line":101,"column":10},"end":{"line":101,"column":67}},"43":{"start":{"line":107,"column":24},"end":{"line":107,"column":37}},"44":{"start":{"line":109,"column":6},"end":{"line":111,"column":7}},"45":{"start":{"line":110,"column":10},"end":{"line":110,"column":99}},"46":{"start":{"line":113,"column":6},"end":{"line":123,"column":7}},"47":{"start":{"line":114,"column":26},"end":{"line":114,"column":60}},"48":{"start":{"line":115,"column":10},"end":{"line":117,"column":11}},"49":{"start":{"line":116,"column":14},"end":{"line":116,"column":69}},"50":{"start":{"line":118,"column":10},"end":{"line":118,"column":52}},"51":{"start":{"line":119,"column":10},"end":{"line":119,"column":73}},"52":{"start":{"line":121,"column":10},"end":{"line":121,"column":30}},"53":{"start":{"line":122,"column":10},"end":{"line":122,"column":67}},"54":{"start":{"line":127,"column":0},"end":{"line":127,"column":145}}},"fnMap":{"0":{"name":"getAllHardwareProducts","decl":{"start":{"line":4,"column":15},"end":{"line":4,"column":37}},"loc":{"start":{"line":4,"column":48},"end":{"line":17,"column":1}},"line":4},"1":{"name":"getHardwareProductById","decl":{"start":{"line":19,"column":15},"end":{"line":19,"column":37}},"loc":{"start":{"line":19,"column":48},"end":{"line":38,"column":1}},"line":19},"2":{"name":"createNewHardwareProduct","decl":{"start":{"line":40,"column":15},"end":{"line":40,"column":39}},"loc":{"start":{"line":40,"column":50},"end":{"line":64,"column":1}},"line":40},"3":{"name":"updateHardwareProductById","decl":{"start":{"line":66,"column":15},"end":{"line":66,"column":40}},"loc":{"start":{"line":66,"column":51},"end":{"line":103,"column":3}},"line":66},"4":{"name":"deleteHardwareProductById","decl":{"start":{"line":105,"column":17},"end":{"line":105,"column":42}},"loc":{"start":{"line":105,"column":54},"end":{"line":124,"column":3}},"line":105}},"branchMap":{"0":{"loc":{"start":{"line":8,"column":4},"end":{"line":12,"column":5}},"type":"if","locations":[{"start":{"line":8,"column":4},"end":{"line":12,"column":5}},{"start":{"line":10,"column":11},"end":{"line":12,"column":5}}],"line":8},"1":{"loc":{"start":{"line":23,"column":2},"end":{"line":25,"column":3}},"type":"if","locations":[{"start":{"line":23,"column":2},"end":{"line":25,"column":3}},{"start":{},"end":{}}],"line":23},"2":{"loc":{"start":{"line":23,"column":7},"end":{"line":23,"column":64}},"type":"binary-expr","locations":[{"start":{"line":23,"column":7},"end":{"line":23,"column":17}},{"start":{"line":23,"column":21},"end":{"line":23,"column":64}}],"line":23},"3":{"loc":{"start":{"line":29,"column":4},"end":{"line":33,"column":5}},"type":"if","locations":[{"start":{"line":29,"column":4},"end":{"line":33,"column":5}},{"start":{"line":31,"column":11},"end":{"line":33,"column":5}}],"line":29},"4":{"loc":{"start":{"line":53,"column":4},"end":{"line":55,"column":5}},"type":"if","locations":[{"start":{"line":53,"column":4},"end":{"line":55,"column":5}},{"start":{},"end":{}}],"line":53},"5":{"loc":{"start":{"line":53,"column":8},"end":{"line":53,"column":168}},"type":"binary-expr","locations":[{"start":{"line":53,"column":8},"end":{"line":53,"column":29}},{"start":{"line":53,"column":33},"end":{"line":53,"column":55}},{"start":{"line":53,"column":59},"end":{"line":53,"column":87}},{"start":{"line":53,"column":91},"end":{"line":53,"column":113}},{"start":{"line":53,"column":117},"end":{"line":53,"column":139}},{"start":{"line":53,"column":143},"end":{"line":53,"column":168}}],"line":53},"6":{"loc":{"start":{"line":70,"column":6},"end":{"line":72,"column":7}},"type":"if","locations":[{"start":{"line":70,"column":6},"end":{"line":72,"column":7}},{"start":{},"end":{}}],"line":70},"7":{"loc":{"start":{"line":70,"column":11},"end":{"line":70,"column":68}},"type":"binary-expr","locations":[{"start":{"line":70,"column":11},"end":{"line":70,"column":21}},{"start":{"line":70,"column":25},"end":{"line":70,"column":68}}],"line":70},"8":{"loc":{"start":{"line":85,"column":4},"end":{"line":87,"column":5}},"type":"if","locations":[{"start":{"line":85,"column":4},"end":{"line":87,"column":5}},{"start":{},"end":{}}],"line":85},"9":{"loc":{"start":{"line":85,"column":8},"end":{"line":85,"column":168}},"type":"binary-expr","locations":[{"start":{"line":85,"column":8},"end":{"line":85,"column":29}},{"start":{"line":85,"column":33},"end":{"line":85,"column":55}},{"start":{"line":85,"column":59},"end":{"line":85,"column":87}},{"start":{"line":85,"column":91},"end":{"line":85,"column":113}},{"start":{"line":85,"column":117},"end":{"line":85,"column":139}},{"start":{"line":85,"column":143},"end":{"line":85,"column":168}}],"line":85},"10":{"loc":{"start":{"line":91,"column":10},"end":{"line":93,"column":11}},"type":"if","locations":[{"start":{"line":91,"column":10},"end":{"line":93,"column":11}},{"start":{},"end":{}}],"line":91},"11":{"loc":{"start":{"line":109,"column":6},"end":{"line":111,"column":7}},"type":"if","locations":[{"start":{"line":109,"column":6},"end":{"line":111,"column":7}},{"start":{},"end":{}}],"line":109},"12":{"loc":{"start":{"line":109,"column":10},"end":{"line":109,"column":67}},"type":"binary-expr","locations":[{"start":{"line":109,"column":10},"end":{"line":109,"column":20}},{"start":{"line":109,"column":24},"end":{"line":109,"column":67}}],"line":109},"13":{"loc":{"start":{"line":115,"column":10},"end":{"line":117,"column":11}},"type":"if","locations":[{"start":{"line":115,"column":10},"end":{"line":117,"column":11}},{"start":{},"end":{}}],"line":115}},"s":{"0":1,"1":1,"2":0,"3":0,"4":0,"5":0,"6":0,"7":0,"8":0,"9":0,"10":0,"11":0,"12":0,"13":0,"14":0,"15":0,"16":0,"17":0,"18":0,"19":0,"20":0,"21":0,"22":0,"23":0,"24":0,"25":0,"26":0,"27":0,"28":0,"29":0,"30":0,"31":0,"32":0,"33":0,"34":0,"35":0,"36":0,"37":0,"38":0,"39":0,"40":0,"41":0,"42":0,"43":0,"44":0,"45":0,"46":0,"47":0,"48":0,"49":0,"50":0,"51":0,"52":0,"53":0,"54":1},"f":{"0":0,"1":0,"2":0,"3":0,"4":0},"b":{"0":[0,0],"1":[0,0],"2":[0,0],"3":[0,0],"4":[0,0],"5":[0,0,0,0,0,0],"6":[0,0],"7":[0,0],"8":[0,0],"9":[0,0,0,0,0,0],"10":[0,0],"11":[0,0],"12":[0,0],"13":[0,0]},"_coverageSchema":"1a1c01bbd47fc00a2c39e90264f33305004495a9","hash":"b3c37d1d4d59c033fcbd9db9515cd73a94a52733"}
,"C:\\Users\\DELL\\Desktop\\free-blog-project\\controllers\\users-controller.js": {"path":"C:\\Users\\DELL\\Desktop\\free-blog-project\\controllers\\users-controller.js","statementMap":{"0":{"start":{"line":1,"column":17},"end":{"line":1,"column":43}},"1":{"start":{"line":2,"column":17},"end":{"line":2,"column":36}},"2":{"start":{"line":6,"column":2},"end":{"line":16,"column":3}},"3":{"start":{"line":7,"column":18},"end":{"line":7,"column":37}},"4":{"start":{"line":8,"column":4},"end":{"line":12,"column":5}},"5":{"start":{"line":9,"column":6},"end":{"line":9,"column":34}},"6":{"start":{"line":11,"column":6},"end":{"line":11,"column":68}},"7":{"start":{"line":14,"column":4},"end":{"line":14,"column":57}},"8":{"start":{"line":15,"column":4},"end":{"line":15,"column":63}},"9":{"start":{"line":21,"column":17},"end":{"line":21,"column":30}},"10":{"start":{"line":23,"column":2},"end":{"line":25,"column":3}},"11":{"start":{"line":24,"column":4},"end":{"line":24,"column":90}},"12":{"start":{"line":27,"column":2},"end":{"line":37,"column":3}},"13":{"start":{"line":28,"column":17},"end":{"line":28,"column":44}},"14":{"start":{"line":29,"column":4},"end":{"line":33,"column":5}},"15":{"start":{"line":30,"column":6},"end":{"line":30,"column":33}},"16":{"start":{"line":32,"column":6},"end":{"line":32,"column":58}},"17":{"start":{"line":35,"column":4},"end":{"line":35,"column":57}},"18":{"start":{"line":36,"column":4},"end":{"line":36,"column":63}},"19":{"start":{"line":42,"column":79},"end":{"line":42,"column":87}},"20":{"start":{"line":44,"column":25},"end":{"line":52,"column":5}},"21":{"start":{"line":54,"column":4},"end":{"line":56,"column":5}},"22":{"start":{"line":55,"column":8},"end":{"line":55,"column":71}},"23":{"start":{"line":58,"column":4},"end":{"line":64,"column":5}},"24":{"start":{"line":59,"column":8},"end":{"line":59,"column":39}},"25":{"start":{"line":60,"column":8},"end":{"line":60,"column":72}},"26":{"start":{"line":62,"column":8},"end":{"line":62,"column":28}},"27":{"start":{"line":63,"column":8},"end":{"line":63,"column":65}},"28":{"start":{"line":69,"column":19},"end":{"line":69,"column":32}},"29":{"start":{"line":71,"column":4},"end":{"line":73,"column":5}},"30":{"start":{"line":72,"column":6},"end":{"line":72,"column":92}},"31":{"start":{"line":75,"column":79},"end":{"line":75,"column":87}},"32":{"start":{"line":77,"column":25},"end":{"line":85,"column":5}},"33":{"start":{"line":87,"column":4},"end":{"line":89,"column":5}},"34":{"start":{"line":88,"column":8},"end":{"line":88,"column":71}},"35":{"start":{"line":91,"column":4},"end":{"line":104,"column":5}},"36":{"start":{"line":92,"column":21},"end":{"line":92,"column":48}},"37":{"start":{"line":93,"column":8},"end":{"line":95,"column":9}},"38":{"start":{"line":94,"column":12},"end":{"line":94,"column":64}},"39":{"start":{"line":96,"column":8},"end":{"line":99,"column":9}},"40":{"start":{"line":100,"column":8},"end":{"line":100,"column":68}},"41":{"start":{"line":102,"column":8},"end":{"line":102,"column":28}},"42":{"start":{"line":103,"column":8},"end":{"line":103,"column":65}},"43":{"start":{"line":109,"column":19},"end":{"line":109,"column":32}},"44":{"start":{"line":111,"column":4},"end":{"line":113,"column":5}},"45":{"start":{"line":112,"column":8},"end":{"line":112,"column":91}},"46":{"start":{"line":115,"column":4},"end":{"line":125,"column":5}},"47":{"start":{"line":116,"column":21},"end":{"line":116,"column":48}},"48":{"start":{"line":117,"column":8},"end":{"line":119,"column":9}},"49":{"start":{"line":118,"column":12},"end":{"line":118,"column":64}},"50":{"start":{"line":120,"column":8},"end":{"line":120,"column":43}},"51":{"start":{"line":121,"column":8},"end":{"line":121,"column":68}},"52":{"start":{"line":123,"column":8},"end":{"line":123,"column":28}},"53":{"start":{"line":124,"column":8},"end":{"line":124,"column":65}},"54":{"start":{"line":128,"column":0},"end":{"line":128,"column":93}}},"fnMap":{"0":{"name":"getAllUsers","decl":{"start":{"line":4,"column":15},"end":{"line":4,"column":26}},"loc":{"start":{"line":4,"column":37},"end":{"line":17,"column":1}},"line":4},"1":{"name":"getUserById","decl":{"start":{"line":19,"column":15},"end":{"line":19,"column":26}},"loc":{"start":{"line":19,"column":37},"end":{"line":38,"column":1}},"line":19},"2":{"name":"createNewUser","decl":{"start":{"line":40,"column":15},"end":{"line":40,"column":28}},"loc":{"start":{"line":40,"column":39},"end":{"line":65,"column":1}},"line":40},"3":{"name":"updateUserById","decl":{"start":{"line":67,"column":15},"end":{"line":67,"column":29}},"loc":{"start":{"line":67,"column":40},"end":{"line":105,"column":1}},"line":67},"4":{"name":"deleteUserById","decl":{"start":{"line":107,"column":15},"end":{"line":107,"column":29}},"loc":{"start":{"line":107,"column":41},"end":{"line":126,"column":1}},"line":107}},"branchMap":{"0":{"loc":{"start":{"line":8,"column":4},"end":{"line":12,"column":5}},"type":"if","locations":[{"start":{"line":8,"column":4},"end":{"line":12,"column":5}},{"start":{"line":10,"column":11},"end":{"line":12,"column":5}}],"line":8},"1":{"loc":{"start":{"line":23,"column":2},"end":{"line":25,"column":3}},"type":"if","locations":[{"start":{"line":23,"column":2},"end":{"line":25,"column":3}},{"start":{},"end":{}}],"line":23},"2":{"loc":{"start":{"line":23,"column":7},"end":{"line":23,"column":58}},"type":"binary-expr","locations":[{"start":{"line":23,"column":7},"end":{"line":23,"column":14}},{"start":{"line":23,"column":18},"end":{"line":23,"column":58}}],"line":23},"3":{"loc":{"start":{"line":29,"column":4},"end":{"line":33,"column":5}},"type":"if","locations":[{"start":{"line":29,"column":4},"end":{"line":33,"column":5}},{"start":{"line":31,"column":11},"end":{"line":33,"column":5}}],"line":29},"4":{"loc":{"start":{"line":54,"column":4},"end":{"line":56,"column":5}},"type":"if","locations":[{"start":{"line":54,"column":4},"end":{"line":56,"column":5}},{"start":{},"end":{}}],"line":54},"5":{"loc":{"start":{"line":54,"column":8},"end":{"line":54,"column":127}},"type":"binary-expr","locations":[{"start":{"line":54,"column":8},"end":{"line":54,"column":31}},{"start":{"line":54,"column":35},"end":{"line":54,"column":57}},{"start":{"line":54,"column":61},"end":{"line":54,"column":80}},{"start":{"line":54,"column":84},"end":{"line":54,"column":102}},{"start":{"line":54,"column":106},"end":{"line":54,"column":127}}],"line":54},"6":{"loc":{"start":{"line":71,"column":4},"end":{"line":73,"column":5}},"type":"if","locations":[{"start":{"line":71,"column":4},"end":{"line":73,"column":5}},{"start":{},"end":{}}],"line":71},"7":{"loc":{"start":{"line":71,"column":9},"end":{"line":71,"column":60}},"type":"binary-expr","locations":[{"start":{"line":71,"column":9},"end":{"line":71,"column":16}},{"start":{"line":71,"column":20},"end":{"line":71,"column":60}}],"line":71},"8":{"loc":{"start":{"line":87,"column":4},"end":{"line":89,"column":5}},"type":"if","locations":[{"start":{"line":87,"column":4},"end":{"line":89,"column":5}},{"start":{},"end":{}}],"line":87},"9":{"loc":{"start":{"line":87,"column":8},"end":{"line":87,"column":127}},"type":"binary-expr","locations":[{"start":{"line":87,"column":8},"end":{"line":87,"column":31}},{"start":{"line":87,"column":35},"end":{"line":87,"column":57}},{"start":{"line":87,"column":61},"end":{"line":87,"column":80}},{"start":{"line":87,"column":84},"end":{"line":87,"column":102}},{"start":{"line":87,"column":106},"end":{"line":87,"column":127}}],"line":87},"10":{"loc":{"start":{"line":93,"column":8},"end":{"line":95,"column":9}},"type":"if","locations":[{"start":{"line":93,"column":8},"end":{"line":95,"column":9}},{"start":{},"end":{}}],"line":93},"11":{"loc":{"start":{"line":111,"column":4},"end":{"line":113,"column":5}},"type":"if","locations":[{"start":{"line":111,"column":4},"end":{"line":113,"column":5}},{"start":{},"end":{}}],"line":111},"12":{"loc":{"start":{"line":111,"column":8},"end":{"line":111,"column":59}},"type":"binary-expr","locations":[{"start":{"line":111,"column":8},"end":{"line":111,"column":15}},{"start":{"line":111,"column":19},"end":{"line":111,"column":59}}],"line":111},"13":{"loc":{"start":{"line":117,"column":8},"end":{"line":119,"column":9}},"type":"if","locations":[{"start":{"line":117,"column":8},"end":{"line":119,"column":9}},{"start":{},"end":{}}],"line":117}},"s":{"0":1,"1":1,"2":1,"3":1,"4":1,"5":1,"6":0,"7":0,"8":0,"9":0,"10":0,"11":0,"12":0,"13":0,"14":0,"15":0,"16":0,"17":0,"18":0,"19":0,"20":0,"21":0,"22":0,"23":0,"24":0,"25":0,"26":0,"27":0,"28":0,"29":0,"30":0,"31":0,"32":0,"33":0,"34":0,"35":0,"36":0,"37":0,"38":0,"39":0,"40":0,"41":0,"42":0,"43":0,"44":0,"45":0,"46":0,"47":0,"48":0,"49":0,"50":0,"51":0,"52":0,"53":0,"54":1},"f":{"0":1,"1":0,"2":0,"3":0,"4":0},"b":{"0":[1,0],"1":[0,0],"2":[0,0],"3":[0,0],"4":[0,0],"5":[0,0,0,0,0],"6":[0,0],"7":[0,0],"8":[0,0],"9":[0,0,0,0,0],"10":[0,0],"11":[0,0],"12":[0,0],"13":[0,0]},"_coverageSchema":"1a1c01bbd47fc00a2c39e90264f33305004495a9","hash":"003d4a24547bcd4de128ed26918b5128203245d4"}
,"C:\\Users\\DELL\\Desktop\\free-blog-project\\helpers\\validate.js": {"path":"C:\\Users\\DELL\\Desktop\\free-blog-project\\helpers\\validate.js","statementMap":{"0":{"start":{"line":1,"column":18},"end":{"line":1,"column":40}},"1":{"start":{"line":2,"column":18},"end":{"line":6,"column":1}},"2":{"start":{"line":3,"column":23},"end":{"line":3,"column":65}},"3":{"start":{"line":4,"column":4},"end":{"line":4,"column":50}},"4":{"start":{"line":4,"column":28},"end":{"line":4,"column":48}},"5":{"start":{"line":5,"column":4},"end":{"line":5,"column":63}},"6":{"start":{"line":5,"column":27},"end":{"line":5,"column":61}},"7":{"start":{"line":8,"column":0},"end":{"line":8,"column":27}}},"fnMap":{"0":{"name":"(anonymous_0)","decl":{"start":{"line":2,"column":18},"end":{"line":2,"column":19}},"loc":{"start":{"line":2,"column":67},"end":{"line":6,"column":1}},"line":2},"1":{"name":"(anonymous_1)","decl":{"start":{"line":4,"column":22},"end":{"line":4,"column":23}},"loc":{"start":{"line":4,"column":28},"end":{"line":4,"column":48}},"line":4},"2":{"name":"(anonymous_2)","decl":{"start":{"line":5,"column":21},"end":{"line":5,"column":22}},"loc":{"start":{"line":5,"column":27},"end":{"line":5,"column":61}},"line":5}},"branchMap":{},"s":{"0":1,"1":1,"2":0,"3":0,"4":0,"5":0,"6":0,"7":1},"f":{"0":0,"1":0,"2":0},"b":{},"_coverageSchema":"1a1c01bbd47fc00a2c39e90264f33305004495a9","hash":"3edc932290f67e3b9a5067acf7569dd33bb73429"}
,"C:\\Users\\DELL\\Desktop\\free-blog-project\\middlewares\\authenticate.js": {"path":"C:\\Users\\DELL\\Desktop\\free-blog-project\\middlewares\\authenticate.js","statementMap":{"0":{"start":{"line":1,"column":24},"end":{"line":6,"column":1}},"1":{"start":{"line":2,"column":2},"end":{"line":4,"column":3}},"2":{"start":{"line":3,"column":4},"end":{"line":3,"column":69}},"3":{"start":{"line":5,"column":2},"end":{"line":5,"column":9}},"4":{"start":{"line":8,"column":0},"end":{"line":8,"column":37}}},"fnMap":{"0":{"name":"(anonymous_0)","decl":{"start":{"line":1,"column":24},"end":{"line":1,"column":25}},"loc":{"start":{"line":1,"column":44},"end":{"line":6,"column":1}},"line":1}},"branchMap":{"0":{"loc":{"start":{"line":2,"column":2},"end":{"line":4,"column":3}},"type":"if","locations":[{"start":{"line":2,"column":2},"end":{"line":4,"column":3}},{"start":{},"end":{}}],"line":2}},"s":{"0":1,"1":0,"2":0,"3":0,"4":1},"f":{"0":0},"b":{"0":[0,0]},"_coverageSchema":"1a1c01bbd47fc00a2c39e90264f33305004495a9","hash":"4f633c95d762059203c83bf08c3af42a91775446"}
,"C:\\Users\\DELL\\Desktop\\free-blog-project\\middlewares\\validate.js": {"path":"C:\\Users\\DELL\\Desktop\\free-blog-project\\middlewares\\validate.js","statementMap":{"0":{"start":{"line":1,"column":18},"end":{"line":1,"column":48}},"1":{"start":{"line":3,"column":33},"end":{"line":23,"column":1}},"2":{"start":{"line":4,"column":27},"end":{"line":10,"column":5}},"3":{"start":{"line":12,"column":4},"end":{"line":22,"column":6}},"4":{"start":{"line":13,"column":8},"end":{"line":21,"column":9}},"5":{"start":{"line":14,"column":12},"end":{"line":18,"column":15}},"6":{"start":{"line":20,"column":12},"end":{"line":20,"column":19}},"7":{"start":{"line":25,"column":31},"end":{"line":42,"column":1}},"8":{"start":{"line":26,"column":27},"end":{"line":29,"column":5}},"9":{"start":{"line":31,"column":4},"end":{"line":41,"column":6}},"10":{"start":{"line":32,"column":8},"end":{"line":40,"column":9}},"11":{"start":{"line":33,"column":12},"end":{"line":37,"column":15}},"12":{"start":{"line":39,"column":12},"end":{"line":39,"column":19}},"13":{"start":{"line":44,"column":39},"end":{"line":65,"column":1}},"14":{"start":{"line":45,"column":27},"end":{"line":52,"column":5}},"15":{"start":{"line":54,"column":4},"end":{"line":64,"column":6}},"16":{"start":{"line":55,"column":8},"end":{"line":63,"column":9}},"17":{"start":{"line":56,"column":12},"end":{"line":60,"column":15}},"18":{"start":{"line":62,"column":12},"end":{"line":62,"column":19}},"19":{"start":{"line":67,"column":38},"end":{"line":89,"column":1}},"20":{"start":{"line":68,"column":27},"end":{"line":76,"column":5}},"21":{"start":{"line":78,"column":4},"end":{"line":88,"column":6}},"22":{"start":{"line":79,"column":8},"end":{"line":87,"column":9}},"23":{"start":{"line":80,"column":12},"end":{"line":84,"column":15}},"24":{"start":{"line":86,"column":12},"end":{"line":86,"column":19}},"25":{"start":{"line":91,"column":0},"end":{"line":91,"column":130}}},"fnMap":{"0":{"name":"(anonymous_0)","decl":{"start":{"line":3,"column":33},"end":{"line":3,"column":34}},"loc":{"start":{"line":3,"column":58},"end":{"line":23,"column":1}},"line":3},"1":{"name":"(anonymous_1)","decl":{"start":{"line":12,"column":50},"end":{"line":12,"column":51}},"loc":{"start":{"line":12,"column":67},"end":{"line":22,"column":5}},"line":12},"2":{"name":"(anonymous_2)","decl":{"start":{"line":25,"column":31},"end":{"line":25,"column":32}},"loc":{"start":{"line":25,"column":56},"end":{"line":42,"column":1}},"line":25},"3":{"name":"(anonymous_3)","decl":{"start":{"line":31,"column":50},"end":{"line":31,"column":51}},"loc":{"start":{"line":31,"column":67},"end":{"line":41,"column":5}},"line":31},"4":{"name":"(anonymous_4)","decl":{"start":{"line":44,"column":39},"end":{"line":44,"column":40}},"loc":{"start":{"line":44,"column":64},"end":{"line":65,"column":1}},"line":44},"5":{"name":"(anonymous_5)","decl":{"start":{"line":54,"column":50},"end":{"line":54,"column":51}},"loc":{"start":{"line":54,"column":67},"end":{"line":64,"column":5}},"line":54},"6":{"name":"(anonymous_6)","decl":{"start":{"line":67,"column":38},"end":{"line":67,"column":39}},"loc":{"start":{"line":67,"column":63},"end":{"line":89,"column":1}},"line":67},"7":{"name":"(anonymous_7)","decl":{"start":{"line":78,"column":50},"end":{"line":78,"column":51}},"loc":{"start":{"line":78,"column":67},"end":{"line":88,"column":5}},"line":78}},"branchMap":{"0":{"loc":{"start":{"line":13,"column":8},"end":{"line":21,"column":9}},"type":"if","locations":[{"start":{"line":13,"column":8},"end":{"line":21,"column":9}},{"start":{"line":19,"column":15},"end":{"line":21,"column":9}}],"line":13},"1":{"loc":{"start":{"line":32,"column":8},"end":{"line":40,"column":9}},"type":"if","locations":[{"start":{"line":32,"column":8},"end":{"line":40,"column":9}},{"start":{"line":38,"column":15},"end":{"line":40,"column":9}}],"line":32},"2":{"loc":{"start":{"line":55,"column":8},"end":{"line":63,"column":9}},"type":"if","locations":[{"start":{"line":55,"column":8},"end":{"line":63,"column":9}},{"start":{"line":61,"column":15},"end":{"line":63,"column":9}}],"line":55},"3":{"loc":{"start":{"line":79,"column":8},"end":{"line":87,"column":9}},"type":"if","locations":[{"start":{"line":79,"column":8},"end":{"line":87,"column":9}},{"start":{"line":85,"column":15},"end":{"line":87,"column":9}}],"line":79}},"s":{"0":1,"1":1,"2":0,"3":0,"4":0,"5":0,"6":0,"7":1,"8":0,"9":0,"10":0,"11":0,"12":0,"13":1,"14":0,"15":0,"16":0,"17":0,"18":0,"19":1,"20":0,"21":0,"22":0,"23":0,"24":0,"25":1},"f":{"0":0,"1":0,"2":0,"3":0,"4":0,"5":0,"6":0,"7":0},"b":{"0":[0,0],"1":[0,0],"2":[0,0],"3":[0,0]},"_coverageSchema":"1a1c01bbd47fc00a2c39e90264f33305004495a9","hash":"51f349f31b21163b3f963abb8fc8bd37191ee5af"}
,"C:\\Users\\DELL\\Desktop\\free-blog-project\\models\\index.js": {"path":"C:\\Users\\DELL\\Desktop\\free-blog-project\\models\\index.js","statementMap":{"0":{"start":{"line":1,"column":17},"end":{"line":1,"column":36}},"1":{"start":{"line":4,"column":19},"end":{"line":12,"column":2}},"2":{"start":{"line":14,"column":13},"end":{"line":14,"column":47}},"3":{"start":{"line":17,"column":22},"end":{"line":21,"column":2}},"4":{"start":{"line":23,"column":20},"end":{"line":23,"column":71}},"5":{"start":{"line":26,"column":31},"end":{"line":33,"column":2}},"6":{"start":{"line":35,"column":17},"end":{"line":35,"column":75}},"7":{"start":{"line":38,"column":30},"end":{"line":46,"column":2}},"8":{"start":{"line":48,"column":16},"end":{"line":48,"column":72}},"9":{"start":{"line":50,"column":0},"end":{"line":50,"column":58}}},"fnMap":{},"branchMap":{},"s":{"0":1,"1":1,"2":1,"3":1,"4":1,"5":1,"6":1,"7":1,"8":1,"9":1},"f":{},"b":{},"_coverageSchema":"1a1c01bbd47fc00a2c39e90264f33305004495a9","hash":"3d2f8af94450086bc91567cb00176738f9b05f0b"}
,"C:\\Users\\DELL\\Desktop\\free-blog-project\\routes\\articlesRoutes.js": {"path":"C:\\Users\\DELL\\Desktop\\free-blog-project\\routes\\articlesRoutes.js","statementMap":{"0":{"start":{"line":1,"column":16},"end":{"line":1,"column":34}},"1":{"start":{"line":2,"column":15},"end":{"line":2,"column":31}},"2":{"start":{"line":3,"column":27},"end":{"line":3,"column":72}},"3":{"start":{"line":4,"column":24},"end":{"line":4,"column":50}},"4":{"start":{"line":5,"column":19},"end":{"line":5,"column":53}},"5":{"start":{"line":6,"column":26},"end":{"line":6,"column":64}},"6":{"start":{"line":10,"column":0},"end":{"line":10,"column":63}},"7":{"start":{"line":14,"column":0},"end":{"line":14,"column":66}},"8":{"start":{"line":18,"column":0},"end":{"line":18,"column":118}},"9":{"start":{"line":22,"column":0},"end":{"line":22,"column":121}},"10":{"start":{"line":26,"column":0},"end":{"line":26,"column":72}},"11":{"start":{"line":28,"column":0},"end":{"line":28,"column":23}}},"fnMap":{},"branchMap":{},"s":{"0":1,"1":1,"2":1,"3":1,"4":1,"5":1,"6":1,"7":1,"8":1,"9":1,"10":1,"11":1},"f":{},"b":{},"_coverageSchema":"1a1c01bbd47fc00a2c39e90264f33305004495a9","hash":"f9ece51024b7f1296cc7159777362da0b2540cd4"}
,"C:\\Users\\DELL\\Desktop\\free-blog-project\\routes\\digitalProductsRoutes.js": {"path":"C:\\Users\\DELL\\Desktop\\free-blog-project\\routes\\digitalProductsRoutes.js","statementMap":{"0":{"start":{"line":1,"column":16},"end":{"line":1,"column":34}},"1":{"start":{"line":2,"column":15},"end":{"line":2,"column":31}},"2":{"start":{"line":3,"column":34},"end":{"line":3,"column":78}},"3":{"start":{"line":4,"column":19},"end":{"line":4,"column":53}},"4":{"start":{"line":5,"column":26},"end":{"line":5,"column":64}},"5":{"start":{"line":9,"column":0},"end":{"line":9,"column":64}},"6":{"start":{"line":13,"column":0},"end":{"line":13,"column":67}},"7":{"start":{"line":17,"column":0},"end":{"line":17,"column":125}},"8":{"start":{"line":21,"column":0},"end":{"line":21,"column":129}},"9":{"start":{"line":25,"column":0},"end":{"line":25,"column":73}},"10":{"start":{"line":27,"column":0},"end":{"line":27,"column":23}}},"fnMap":{},"branchMap":{},"s":{"0":1,"1":1,"2":1,"3":1,"4":1,"5":1,"6":1,"7":1,"8":1,"9":1,"10":1},"f":{},"b":{},"_coverageSchema":"1a1c01bbd47fc00a2c39e90264f33305004495a9","hash":"ad3154ca649c87560e153f0604ca0a997449024b"}
,"C:\\Users\\DELL\\Desktop\\free-blog-project\\routes\\hardwareProductsRoutes.js": {"path":"C:\\Users\\DELL\\Desktop\\free-blog-project\\routes\\hardwareProductsRoutes.js","statementMap":{"0":{"start":{"line":1,"column":16},"end":{"line":1,"column":34}},"1":{"start":{"line":2,"column":15},"end":{"line":2,"column":31}},"2":{"start":{"line":3,"column":35},"end":{"line":3,"column":80}},"3":{"start":{"line":4,"column":19},"end":{"line":4,"column":53}},"4":{"start":{"line":5,"column":26},"end":{"line":5,"column":64}},"5":{"start":{"line":9,"column":0},"end":{"line":9,"column":66}},"6":{"start":{"line":13,"column":0},"end":{"line":13,"column":69}},"7":{"start":{"line":17,"column":0},"end":{"line":17,"column":129}},"8":{"start":{"line":21,"column":0},"end":{"line":21,"column":132}},"9":{"start":{"line":25,"column":0},"end":{"line":25,"column":75}},"10":{"start":{"line":27,"column":0},"end":{"line":27,"column":23}}},"fnMap":{},"branchMap":{},"s":{"0":1,"1":1,"2":1,"3":1,"4":1,"5":1,"6":1,"7":1,"8":1,"9":1,"10":1},"f":{},"b":{},"_coverageSchema":"1a1c01bbd47fc00a2c39e90264f33305004495a9","hash":"8f99871ee538c074b6814f89205536974316cc0d"}
,"C:\\Users\\DELL\\Desktop\\free-blog-project\\routes\\index.js": {"path":"C:\\Users\\DELL\\Desktop\\free-blog-project\\routes\\index.js","statementMap":{"0":{"start":{"line":1,"column":15},"end":{"line":1,"column":42}},"1":{"start":{"line":2,"column":20},"end":{"line":2,"column":44}},"2":{"start":{"line":3,"column":23},"end":{"line":3,"column":50}},"3":{"start":{"line":4,"column":31},"end":{"line":4,"column":66}},"4":{"start":{"line":5,"column":30},"end":{"line":5,"column":64}},"5":{"start":{"line":8,"column":0},"end":{"line":10,"column":2}},"6":{"start":{"line":9,"column":4},"end":{"line":9,"column":41}},"7":{"start":{"line":12,"column":0},"end":{"line":12,"column":33}},"8":{"start":{"line":14,"column":0},"end":{"line":14,"column":39}},"9":{"start":{"line":16,"column":0},"end":{"line":16,"column":56}},"10":{"start":{"line":18,"column":0},"end":{"line":18,"column":54}},"11":{"start":{"line":20,"column":0},"end":{"line":22,"column":2}},"12":{"start":{"line":21,"column":4},"end":{"line":21,"column":32}},"13":{"start":{"line":24,"column":0},"end":{"line":26,"column":2}},"14":{"start":{"line":25,"column":4},"end":{"line":25,"column":32}},"15":{"start":{"line":28,"column":0},"end":{"line":28,"column":23}}},"fnMap":{"0":{"name":"(anonymous_0)","decl":{"start":{"line":8,"column":16},"end":{"line":8,"column":17}},"loc":{"start":{"line":8,"column":30},"end":{"line":10,"column":1}},"line":8},"1":{"name":"(anonymous_1)","decl":{"start":{"line":20,"column":21},"end":{"line":20,"column":22}},"loc":{"start":{"line":20,"column":35},"end":{"line":22,"column":1}},"line":20},"2":{"name":"(anonymous_2)","decl":{"start":{"line":24,"column":22},"end":{"line":24,"column":23}},"loc":{"start":{"line":24,"column":36},"end":{"line":26,"column":1}},"line":24}},"branchMap":{},"s":{"0":1,"1":1,"2":1,"3":1,"4":1,"5":1,"6":0,"7":1,"8":1,"9":1,"10":1,"11":1,"12":0,"13":1,"14":0,"15":1},"f":{"0":0,"1":0,"2":0},"b":{},"_coverageSchema":"1a1c01bbd47fc00a2c39e90264f33305004495a9","hash":"680a959a9a02be56ca41d9209460ec8a30e4509f"}
,"C:\\Users\\DELL\\Desktop\\free-blog-project\\routes\\usersRoutes.js": {"path":"C:\\Users\\DELL\\Desktop\\free-blog-project\\routes\\usersRoutes.js","statementMap":{"0":{"start":{"line":1,"column":16},"end":{"line":1,"column":34}},"1":{"start":{"line":2,"column":15},"end":{"line":2,"column":31}},"2":{"start":{"line":3,"column":24},"end":{"line":3,"column":66}},"3":{"start":{"line":4,"column":19},"end":{"line":4,"column":53}},"4":{"start":{"line":5,"column":26},"end":{"line":5,"column":64}},"5":{"start":{"line":9,"column":0},"end":{"line":9,"column":44}},"6":{"start":{"line":13,"column":0},"end":{"line":13,"column":47}},"7":{"start":{"line":17,"column":0},"end":{"line":17,"column":101}},"8":{"start":{"line":21,"column":0},"end":{"line":21,"column":104}},"9":{"start":{"line":25,"column":0},"end":{"line":25,"column":53}},"10":{"start":{"line":27,"column":0},"end":{"line":27,"column":23}}},"fnMap":{},"branchMap":{},"s":{"0":1,"1":1,"2":1,"3":1,"4":1,"5":1,"6":1,"7":1,"8":1,"9":1,"10":1},"f":{},"b":{},"_coverageSchema":"1a1c01bbd47fc00a2c39e90264f33305004495a9","hash":"819692266101bc7a86b7d684a53f4f405a8f39d0"}
}
